17:23:41 **** Build of configuration Debug for project Assignment3 ****
make all 
Building file: ../ImageDisplay.cpp
Invoking: Cross G++ Compiler
g++ -I/home/yasmine/eclipse/opencv-2.4.13.6 -O0 -g3 -Wall -c -fmessage-length=0 -MMD -MP -MF"ImageDisplay.d" -MT"ImageDisplay.o" -o "ImageDisplay.o" "../ImageDisplay.cpp"
../ImageDisplay.cpp:9:10: fatal error: opencv2/core/core.hpp: No such file or directory
 #include <opencv2/core/core.hpp>
          ^~~~~~~~~~~~~~~~~~~~~~~
compilation terminated.
make: *** [ImageDisplay.o] Error 1
subdir.mk:18: recipe for target 'ImageDisplay.o' failed
17:35:02 **** Incremental Build of configuration Debug for project Assignment3 ****
make all 
Building file: ../ImageDisplay.cpp
Invoking: Cross G++ Compiler
g++ -I/home/yasmine/eclipse/opencv-2.4.13.6/include -O0 -g3 -Wall -c -fmessage-length=0 -MMD -MP -MF"ImageDisplay.d" -MT"ImageDisplay.o" -o "ImageDisplay.o" "../ImageDisplay.cpp"
../ImageDisplay.cpp:9:10: fatal error: opencv2/core/core.hpp: No such file or directory
 #include <opencv2/core/core.hpp>
          ^~~~~~~~~~~~~~~~~~~~~~~
compilation terminated.
subdir.mk:18: recipe for target 'ImageDisplay.o' failed
make: *** [ImageDisplay.o] Error 1
17:37:17 **** Incremental Build of configuration Debug for project Assignment3 ****
make all 
Building file: ../ImageDisplay.cpp
Invoking: Cross G++ Compiler
g++ -I/home/yasmine/eclipse/opencv-2.4.13.6/include -O0 -g3 -Wall -c -fmessage-length=0 -MMD -MP -MF"ImageDisplay.d" -MT"ImageDisplay.o" -o "ImageDisplay.o" "../ImageDisplay.cpp"
../ImageDisplay.cpp:9:10: fatal error: opencv2/core/core.hpp: No such file or directory
 #include <opencv2/core/core.hpp>
          ^~~~~~~~~~~~~~~~~~~~~~~
compilation terminated.
subdir.mk:18: recipe for target 'ImageDisplay.o' failed
make: *** [ImageDisplay.o] Error 1
19:22:05 **** Incremental Build of configuration Debug for project Assignment3 ****
make all 
Building file: ../ImageDisplay.cpp
Invoking: Cross G++ Compiler
g++ -I/usr/local/include/opencv -I/usr/local/include/opencv2 -O0 -g3 -Wall -c -fmessage-length=0 -MMD -MP -MF"ImageDisplay.d" -MT"ImageDisplay.o" -o "ImageDisplay.o" "../ImageDisplay.cpp"
Finished building: ../ImageDisplay.cpp
 
Building target: Assignment3
Invoking: Cross G++ Linker
g++ -L/usr/local/lib -o "Assignment3"  ./ImageDisplay.o   -lopencv_core -lopencv_imgproc -lopencv_highgui -lopencv_ml -lopencv_video -lopencv_features2d -lopencv_calib3d -lopencv_objdetect -lopencv_videoio -lopencv_imgcodecs -lopencv_flann
/usr/bin/x86_64-linux-gnu-ld: cannot find -lopencv_videoio
/usr/bin/x86_64-linux-gnu-ld: cannot find -lopencv_imgcodecs
collect2: error: ld returned 1 exit status
make: *** [Assignment3] Error 1
makefile:44: recipe for target 'Assignment3' failed
19:24:00 **** Incremental Build of configuration Debug for project Assignment3 ****
make all 
Building target: Assignment3
Invoking: Cross G++ Linker
g++ -L/usr/local/lib -o "Assignment3"  ./ImageDisplay.o   -lopencv_core -lopencv_imgproc -lopencv_highgui -lopencv_ml -lopencv_video -lopencv_features2d -lopencv_calib3d -lopencv_objdetect -lopencv_flann
Finished building target: Assignment3
 
19:30:32 **** Incremental Build of configuration Debug for project Assignment3 ****
make all 
make: Nothing to be done for 'all'.
19:39:58 **** Incremental Build of configuration Debug for project Assignment3 ****
make all 
make: Nothing to be done for 'all'.
19:40:49 **** Incremental Build of configuration Debug for project Assignment3 ****
make all 
make: Nothing to be done for 'all'.
19:41:31 **** Incremental Build of configuration Debug for project Assignment3 ****
make all 
make: Nothing to be done for 'all'.
19:43:24 **** Incremental Build of configuration Debug for project Assignment3 ****
make all 
make: Nothing to be done for 'all'.
19:59:19 **** Incremental Build of configuration Debug for project Assignment3 ****
make all 
Building target: Assignment3
Invoking: Cross G++ Linker
g++ -L/usr/local/lib -o "Assignment3"  ./ImageDisplay.o   -lopencv_core -lopencv_imgproc -lopencv_highgui -lopencv_ml -lopencv_video -lopencv_features2d -lopencv_calib3d -lopencv_objdetect -lopencv_flann
Finished building target: Assignment3
 
19:59:56 **** Incremental Build of configuration Debug for project Assignment3 ****
make all 
make: Nothing to be done for 'all'.
15:17:39 **** Incremental Build of configuration Debug for project Assignment3 ****
make all 
make: Nothing to be done for 'all'.
15:18:33 **** Incremental Build of configuration Debug for project Assignment3 ****
make all 
make: Nothing to be done for 'all'.
15:18:36 **** Incremental Build of configuration Debug for project Assignment3 ****
make all 
make: Nothing to be done for 'all'.
15:19:46 **** Incremental Build of configuration Debug for project Assignment3 ****
make all 
make: Nothing to be done for 'all'.
15:36:16 **** Incremental Build of configuration Debug for project Assignment3 ****
make all 
make: Nothing to be done for 'all'.
15:37:36 **** Incremental Build of configuration Debug for project Assignment3 ****
make all 
make: Nothing to be done for 'all'.
15:40:06 **** Incremental Build of configuration Debug for project Assignment3 ****
make all 
make: Nothing to be done for 'all'.
